<?xml version="1.0" encoding="UTF-8"?>
<testsuite name="AppTest" tests="1" skipped="0" failures="0" errors="0" timestamp="2022-03-03T20:10:12" hostname="LAPTOP-U8PJBHB2" time="0.016">
  <properties/>
  <testcase name="Is Inculde Test" classname="AppTest" time="0.016"/>
  <system-out><![CDATA[]]></system-out>
  <system-err><![CDATA[]]></system-err>
</testsuite>
